Nov-20 17:34:35.640 [main] DEBUG nextflow.cli.Launcher - $> nextflow run id_pipline.nf
Nov-20 17:34:35.790 [main] DEBUG nextflow.cli.CmdRun - N E X T F L O W  ~  version 24.04.4
Nov-20 17:34:35.835 [main] DEBUG nextflow.plugin.PluginsFacade - Setting up plugin manager > mode=prod; embedded=false; plugins-dir=/Users/m_kostetska/.nextflow/plugins; core-plugins: nf-amazon@2.5.3,nf-azure@1.6.1,nf-cloudcache@0.4.1,nf-codecommit@0.2.1,nf-console@1.1.3,nf-ga4gh@1.3.0,nf-google@1.13.2-patch1,nf-tower@1.9.1,nf-wave@1.4.2-patch1
Nov-20 17:34:35.856 [main] INFO  o.pf4j.DefaultPluginStatusProvider - Enabled plugins: []
Nov-20 17:34:35.858 [main] INFO  o.pf4j.DefaultPluginStatusProvider - Disabled plugins: []
Nov-20 17:34:35.863 [main] INFO  org.pf4j.DefaultPluginManager - PF4J version 3.12.0 in 'deployment' mode
Nov-20 17:34:35.884 [main] INFO  org.pf4j.AbstractPluginManager - No plugins
Nov-20 17:34:35.997 [main] DEBUG nextflow.cli.CmdRun - Applied DSL=2 from script declaration
Nov-20 17:34:36.024 [main] DEBUG nextflow.cli.CmdRun - Launching `id_pipline.nf` [boring_colden] DSL2 - revision: d2c41500a7
Nov-20 17:34:36.038 [main] DEBUG nextflow.plugin.PluginsFacade - Plugins default=[]
Nov-20 17:34:36.039 [main] DEBUG nextflow.plugin.PluginsFacade - Plugins resolved requirement=[]
Nov-20 17:34:36.163 [main] DEBUG nextflow.Session - Session UUID: 1fb0636d-f172-4884-b8f4-ffd1eb22d093
Nov-20 17:34:36.164 [main] DEBUG nextflow.Session - Run name: boring_colden
Nov-20 17:34:36.165 [main] DEBUG nextflow.Session - Executor pool size: 8
Nov-20 17:34:36.183 [main] DEBUG nextflow.file.FilePorter - File porter settings maxRetries=3; maxTransfers=50; pollTimeout=null
Nov-20 17:34:36.267 [main] DEBUG nextflow.cli.CmdRun - 
  Version: 24.04.4 build 5917
  Created: 01-08-2024 07:05 UTC (09:05 CEST)
  System: Mac OS X 14.5
  Runtime: Groovy 4.0.21 on OpenJDK 64-Bit Server VM 21.0.4+7-LTS
  Encoding: UTF-8 (UTF-8)
  Process: 61089@MBP-Centr [192.168.0.8]
  CPUs: 8 - Mem: 16 GB (302.6 MB) - Swap: 1 GB (940.8 MB) - Virtual threads ON
Nov-20 17:34:36.295 [main] DEBUG nextflow.Session - Work-dir: /Users/m_kostetska/Documents/CQ_Bioinformathics/Internship_prjct/work [Mac OS X]
Nov-20 17:34:36.296 [main] DEBUG nextflow.Session - Script base path does not exist or is not a directory: /Users/m_kostetska/Documents/CQ_Bioinformathics/Internship_prjct/bin
Nov-20 17:34:36.322 [main] DEBUG nextflow.executor.ExecutorFactory - Extension executors providers=[]
Nov-20 17:34:36.344 [main] DEBUG nextflow.Session - Observer factory: DefaultObserverFactory
Nov-20 17:34:36.400 [main] DEBUG nextflow.cache.CacheFactory - Using Nextflow cache factory: nextflow.cache.DefaultCacheFactory
Nov-20 17:34:36.416 [main] DEBUG nextflow.util.CustomPoolFactory - Creating virtual thread pool
Nov-20 17:34:36.530 [main] DEBUG nextflow.Session - Session start
Nov-20 17:34:37.552 [main] DEBUG nextflow.script.ScriptRunner - > Launching execution
Nov-20 17:34:37.571 [main] DEBUG n.secret.LocalSecretsProvider - Secrets store: /Users/m_kostetska/.nextflow/secrets/store.json
Nov-20 17:34:37.585 [main] DEBUG nextflow.secret.SecretsLoader - Discovered secrets providers: [nextflow.secret.LocalSecretsProvider@27960b1e] - activable => nextflow.secret.LocalSecretsProvider@27960b1e
Nov-20 17:34:37.725 [main] DEBUG nextflow.executor.ExecutorFactory - << taskConfig executor: null
Nov-20 17:34:37.725 [main] DEBUG nextflow.executor.ExecutorFactory - >> processorType: 'local'
Nov-20 17:34:37.735 [main] DEBUG nextflow.executor.Executor - [warm up] executor > local
Nov-20 17:34:37.749 [main] DEBUG n.processor.LocalPollingMonitor - Creating local task monitor for executor 'local' > cpus=8; memory=16 GB; capacity=8; pollInterval=100ms; dumpInterval=5m
Nov-20 17:34:37.752 [main] DEBUG n.processor.TaskPollingMonitor - >>> barrier register (monitor: local)
Nov-20 17:34:37.924 [main] DEBUG nextflow.executor.ExecutorFactory - << taskConfig executor: null
Nov-20 17:34:37.924 [main] DEBUG nextflow.executor.ExecutorFactory - >> processorType: 'local'
Nov-20 17:34:37.947 [main] DEBUG nextflow.executor.ExecutorFactory - << taskConfig executor: null
Nov-20 17:34:37.947 [main] DEBUG nextflow.executor.ExecutorFactory - >> processorType: 'local'
Nov-20 17:34:37.956 [main] DEBUG nextflow.Session - Workflow process names [dsl2]: downloadGenebank, buildEfetchUrl, fileSplitting
Nov-20 17:34:37.957 [main] DEBUG nextflow.Session - Igniting dataflow network (3)
Nov-20 17:34:37.959 [main] DEBUG nextflow.processor.TaskProcessor - Starting process > buildEfetchUrl
Nov-20 17:34:37.961 [main] DEBUG nextflow.processor.TaskProcessor - Starting process > downloadGenebank
Nov-20 17:34:37.961 [main] DEBUG nextflow.processor.TaskProcessor - Starting process > fileSplitting
Nov-20 17:34:37.962 [main] DEBUG nextflow.script.ScriptRunner - Parsed script files:
  Script_b6a7675e655467f2: /Users/m_kostetska/Documents/CQ_Bioinformathics/Internship_prjct/id_pipline.nf
Nov-20 17:34:37.963 [main] DEBUG nextflow.script.ScriptRunner - > Awaiting termination 
Nov-20 17:34:37.963 [main] DEBUG nextflow.Session - Session await
Nov-20 17:34:38.300 [Task submitter] DEBUG n.executor.local.LocalTaskHandler - Launch cmd line: /bin/bash -ue .command.run
Nov-20 17:34:38.304 [Task submitter] INFO  nextflow.Session - [b5/5ef497] Submitted process > buildEfetchUrl
Nov-20 17:34:38.338 [Task monitor] DEBUG n.processor.TaskPollingMonitor - Task completed > TaskHandler[id: 1; name: buildEfetchUrl; status: COMPLETED; exit: 0; error: -; workDir: /Users/m_kostetska/Documents/CQ_Bioinformathics/Internship_prjct/work/b5/5ef497e22e958b8b7f57afab072ed7]
Nov-20 17:34:38.388 [Task submitter] DEBUG n.executor.local.LocalTaskHandler - Launch cmd line: /bin/bash -ue .command.run
Nov-20 17:34:38.389 [Task submitter] INFO  nextflow.Session - [b9/eafb5f] Submitted process > downloadGenebank
Nov-20 17:34:39.731 [Task monitor] DEBUG n.processor.TaskPollingMonitor - Task completed > TaskHandler[id: 2; name: downloadGenebank; status: COMPLETED; exit: 0; error: -; workDir: /Users/m_kostetska/Documents/CQ_Bioinformathics/Internship_prjct/work/b9/eafb5f6b96b267cc28d45ccadf4045]
Nov-20 17:34:39.801 [Task submitter] DEBUG n.executor.local.LocalTaskHandler - Launch cmd line: /bin/bash -ue .command.run
Nov-20 17:34:39.801 [Task submitter] INFO  nextflow.Session - [d0/e205e6] Submitted process > fileSplitting
Nov-20 17:39:37.896 [Task monitor] DEBUG n.processor.TaskPollingMonitor - !! executor local > tasks to be completed: 1 -- submitted tasks are shown below
~> TaskHandler[id: 3; name: fileSplitting; status: RUNNING; exit: -; error: -; workDir: /Users/m_kostetska/Documents/CQ_Bioinformathics/Internship_prjct/work/d0/e205e6f236181dd1debfc35e1965ec]
Nov-20 17:40:09.723 [Task monitor] DEBUG n.processor.TaskPollingMonitor - Task completed > TaskHandler[id: 3; name: fileSplitting; status: COMPLETED; exit: 0; error: -; workDir: /Users/m_kostetska/Documents/CQ_Bioinformathics/Internship_prjct/work/d0/e205e6f236181dd1debfc35e1965ec]
Nov-20 17:40:09.743 [main] DEBUG nextflow.Session - Session await > all processes finished
Nov-20 17:40:09.830 [Task monitor] DEBUG n.processor.TaskPollingMonitor - <<< barrier arrives (monitor: local) - terminating tasks monitor poll loop
Nov-20 17:40:09.831 [main] DEBUG nextflow.Session - Session await > all barriers passed
Nov-20 17:40:09.842 [main] DEBUG nextflow.util.ThreadPoolManager - Thread pool 'TaskFinalizer' shutdown completed (hard=false)
Nov-20 17:40:09.842 [main] DEBUG nextflow.util.ThreadPoolManager - Thread pool 'PublishDir' shutdown completed (hard=false)
Nov-20 17:40:09.857 [main] DEBUG n.trace.WorkflowStatsObserver - Workflow completed > WorkflowStats[succeededCount=3; failedCount=0; ignoredCount=0; cachedCount=0; pendingCount=0; submittedCount=0; runningCount=0; retriesCount=0; abortedCount=0; succeedDuration=5m 31s; failedDuration=0ms; cachedDuration=0ms;loadCpus=0; loadMemory=0; peakRunning=1; peakCpus=1; peakMemory=0; ]
Nov-20 17:40:10.076 [main] DEBUG nextflow.cache.CacheDB - Closing CacheDB done
Nov-20 17:40:10.167 [main] DEBUG nextflow.util.ThreadPoolManager - Thread pool 'FileTransfer' shutdown completed (hard=false)
Nov-20 17:40:10.167 [main] DEBUG nextflow.script.ScriptRunner - > Execution complete -- Goodbye
