Traceback (most recent call last):
  File "/Users/m_kostetska/Documents/CQ_Bioinformathics/myenv/bin/genbank_to", line 5, in <module>
  File "/Users/m_kostetska/Documents/CQ_Bioinformathics/myenv/lib/python3.12/site-packages/GenBankToLib/__init__.py", line 5, in <module>
    from .genbank import genbank_to_faa, genbank_to_fna, genbank_to_orfs, genbank_to_ptt, genbank_to_functions
  File "/Users/m_kostetska/Documents/CQ_Bioinformathics/myenv/lib/python3.12/site-packages/GenBankToLib/genbank.py", line 10, in <module>
    from Bio import SeqIO
  File "/Users/m_kostetska/Documents/CQ_Bioinformathics/myenv/lib/python3.12/site-packages/Bio/SeqIO/__init__.py", line 377, in <module>
    from Bio.Align import MultipleSeqAlignment
  File "/Users/m_kostetska/Documents/CQ_Bioinformathics/myenv/lib/python3.12/site-packages/Bio/Align/__init__.py", line 29, in <module>
    import numpy as np
  File "/Users/m_kostetska/Documents/CQ_Bioinformathics/myenv/lib/python3.12/site-packages/numpy/__init__.py", line 149, in <module>
    from . import lib
  File "/Users/m_kostetska/Documents/CQ_Bioinformathics/myenv/lib/python3.12/site-packages/numpy/lib/__init__.py", line 23, in <module>
    from . import index_tricks
  File "/Users/m_kostetska/Documents/CQ_Bioinformathics/myenv/lib/python3.12/site-packages/numpy/lib/index_tricks.py", line 12, in <module>
    import numpy.matrixlib as matrixlib
  File "/Users/m_kostetska/Documents/CQ_Bioinformathics/myenv/lib/python3.12/site-packages/numpy/matrixlib/__init__.py", line 4, in <module>
    from . import defmatrix
  File "/Users/m_kostetska/Documents/CQ_Bioinformathics/myenv/lib/python3.12/site-packages/numpy/matrixlib/defmatrix.py", line 12, in <module>
    from numpy.linalg import matrix_power
  File "<frozen importlib._bootstrap>", line 1360, in _find_and_load
  File "<frozen importlib._bootstrap>", line 1331, in _find_and_load_unlocked
  File "<frozen importlib._bootstrap>", line 935, in _load_unlocked
  File "<frozen importlib._bootstrap_external>", line 991, in exec_module
  File "<frozen importlib._bootstrap_external>", line 1128, in get_code
  File "<frozen importlib._bootstrap_external>", line 1187, in get_data
TimeoutError: [Errno 60] Operation timed out
